<?xml version="1.0" encoding="UTF-8"?>
<!-- Generated by org.testng.reporters.JUnitReportReporter -->
<testsuite hostname="NAG1-LHP-N76263" failures="0" tests="3" name="Orangeone.o2" time="24.026" errors="0" timestamp="2022-07-20T22:36:17 IST" skipped="0">
  <testcase classname="Orangeone.o2" name="DataTest" time="7.697"/>
  <system-out/>
  <testcase classname="Orangeone.o2" name="DataTest" time="7.442"/>
  <system-out/>
  <testcase classname="Orangeone.o2" name="DataTest" time="8.887"/>
  <system-out/>
</testsuite> <!-- Orangeone.o2 -->
